<?xml version="1.0" encoding="UTF-8"?>
<!-- Generated by org.testng.reporters.JUnitReportReporter -->
<testsuite skipped="0" hostname="COM-04" name="pruebas.Laboratorio3_E1" tests="1" failures="0" timestamp="2020-07-05T21:12:30 ART" time="19.111" errors="0">
  <testcase name="registro" time="19.111" classname="pruebas.Laboratorio3_E1"/>
  <system-out/>
</testsuite> <!-- pruebas.Laboratorio3_E1 -->
