<?xml version="1.0" encoding="UTF-8"?>
<!-- Generated by org.testng.reporters.JUnitReportReporter -->
<testsuite skipped="0" hostname="COM-04" name="Edit.EducacionIT.Laboratorio1" tests="3" failures="0" timestamp="2020-07-06T00:26:09 ART" time="100.104" errors="0">
  <testcase name="lab1_E3" time="19.599" classname="Edit.EducacionIT.Laboratorio1"/>
  <system-out/>
  <testcase name="lab1_E1" time="18.374" classname="Edit.EducacionIT.Laboratorio1"/>
  <system-out/>
  <testcase name="lab_E2" time="62.131" classname="Edit.EducacionIT.Laboratorio1"/>
  <system-out/>
</testsuite> <!-- Edit.EducacionIT.Laboratorio1 -->
