<?xml version="1.0" encoding="UTF-8"?>
<!-- Generated by org.testng.reporters.JUnitReportReporter -->
<testsuite skipped="0" hostname="COM-04" name="pruebas.Laboratorio3_E2" tests="2" failures="0" timestamp="2020-07-06T00:16:13 ART" time="12.480" errors="0">
  <testcase name="registrar" time="8.576" classname="pruebas.Laboratorio3_E2"/>
  <system-out/>
  <testcase name="crearCuentaInvalida" time="3.904" classname="pruebas.Laboratorio3_E2"/>
  <system-out/>
</testsuite> <!-- pruebas.Laboratorio3_E2 -->
