<?xml version="1.0" encoding="UTF-8"?>
<!-- Generated by org.testng.reporters.JUnitReportReporter -->
<testsuite skipped="0" hostname="COM-04" name="pruebas.Test_Laboratorio4_E2" tests="2" failures="0" timestamp="2020-07-06T03:43:48 ART" time="27.740" errors="0">
  <testcase name="irRegistroLogin" time="11.474" classname="pruebas.Test_Laboratorio4_E2"/>
  <system-out/>
  <testcase name="irRegistroLogin" time="16.266" classname="pruebas.Test_Laboratorio4_E2"/>
  <system-out/>
</testsuite> <!-- pruebas.Test_Laboratorio4_E2 -->
