<?xml version="1.0" encoding="UTF-8"?>
<!-- Generated by org.testng.reporters.JUnitReportReporter -->
<testsuite skipped="0" hostname="COM-04" name="Edit.EducacionIT.Laboratorio2" tests="1" failures="0" timestamp="2020-07-06T00:26:09 ART" time="30.006" errors="0">
  <testcase name="lab2_E1" time="30.006" classname="Edit.EducacionIT.Laboratorio2"/>
  <system-out/>
</testsuite> <!-- Edit.EducacionIT.Laboratorio2 -->
