<?xml version="1.0" encoding="UTF-8"?>
<!-- Generated by org.testng.reporters.JUnitReportReporter -->
<testsuite skipped="0" hostname="COM-04" name="Edit.EducacionIT.AppTest" tests="1" failures="0" timestamp="2020-07-06T00:26:09 ART" time="0.015" errors="0">
  <testcase name="shouldAnswerWithTrue" time="0.015" classname="Edit.EducacionIT.AppTest"/>
  <system-out/>
</testsuite> <!-- Edit.EducacionIT.AppTest -->
