<?xml version="1.0" encoding="UTF-8"?>
<!-- Generated by org.testng.reporters.JUnitReportReporter -->
<testsuite skipped="0" hostname="COM-04" name="pruebas.Test_Laboratorio4_E1" tests="2" failures="0" timestamp="2020-07-06T03:15:08 ART" time="34.886" errors="0">
  <testcase name="irRegistroLogin" time="16.477" classname="pruebas.Test_Laboratorio4_E1"/>
  <system-out/>
  <testcase name="irRegistroLogin" time="18.409" classname="pruebas.Test_Laboratorio4_E1"/>
  <system-out/>
</testsuite> <!-- pruebas.Test_Laboratorio4_E1 -->
